<?xml version="1.0" encoding="UTF-8"?>
<testsuites name="Usecase3" time="48.484" tests="4" failures="0" errors="1">
   <testsuite name="Usecase3" tests="4" failures="0" errors="1" time="48.484" timestamp="2020-06-16 07:20:30" hostname="WIN10 - DESKTOP-0NVCT6K" id="Test Suites/Usecase3">
      <properties>
         <property name="deviceName" value=""/>
         <property name="devicePlatform" value=""/>
         <property name="logFolder" value="C:\\Users\\WIN10\\git\\Account\\Reports\\20200616_072028\\Usecase3\\20200616_072028"/>
         <property name="logFiles" value="C:\\Users\\WIN10\\git\\Account\\Reports\\20200616_072028\\Usecase3\\20200616_072028\\execution0.log"/>
         <property name="attachments" value=""/>
         <property name="hostName" value="WIN10 - DESKTOP-0NVCT6K"/>
         <property name="os" value="Windows 10 64bit"/>
         <property name="katalonVersion" value="7.5.2.1"/>
         <property name="browser" value="Chrome 83.0.4103.97"/>
         <property name="hostAddress" value="192.168.1.2"/>
         <property name="sessionId" value="7441a7dc20d827c3517e5179d5c27623"/>
         <property name="seleniumVersion" value="3.141.59"/>
         <property name="proxyInformation" value="ProxyInformation { proxyOption=NO_PROXY, proxyServerType=HTTP, username=, password=********, proxyServerAddress=, proxyServerPort=0, executionList=\&quot;\&quot;, isApplyToDesiredCapabilities=true }"/>
         <property name="platform" value="Windows 10"/>
      </properties>
      <testcase name="Test Cases/Test Case 1" time="10.164" classname="Test Cases/Test Case 1" status="PASSED">
         <system-out><![CDATA[2020-06-16 07:20:30 - [TEST_CASE][PASSED] - Test Cases/Test Case 1: Test Cases/Test Case 1

2020-06-16 07:20:30 - [TEST_STEP][PASSED] - openBrowser("http://crmc.opencloud.digital:64216/index.php"): Browser is opened with url: 'http://crmc.opencloud.digital:64216/index.php'

2020-06-16 07:20:30 - [MESSAGE][INFO] - Starting 'Chrome' driver

2020-06-16 07:20:31 - [MESSAGE][INFO] - Action delay is set to 0 milliseconds

2020-06-16 07:20:35 - [MESSAGE][PASSED] - Browser is opened with url: 'http://crmc.opencloud.digital:64216/index.php'

2020-06-16 07:20:35 - [TEST_STEP][PASSED] - maximizeWindow(): Current window maximized

2020-06-16 07:20:37 - [MESSAGE][PASSED] - Current window maximized

2020-06-16 07:20:37 - [TEST_STEP][PASSED] - setText(findTestObject("Login/input_User name_username"), findTestData("D1").getValue(1, 1)): Text 'Admin' is set on object 'Object Repository/Login/input_User name_username'

2020-06-16 07:20:38 - [MESSAGE][PASSED] - Text 'Admin' is set on object 'Object Repository/Login/input_User name_username'

2020-06-16 07:20:38 - [TEST_STEP][PASSED] - setText(findTestObject("Login/input_Password_password"), findTestData("D1").getValue(2, 1)): Text '1qaz2WSX3edc ' is set on object 'Object Repository/Login/input_Password_password'

2020-06-16 07:20:38 - [MESSAGE][PASSED] - Text '1qaz2WSX3edc ' is set on object 'Object Repository/Login/input_Password_password'

2020-06-16 07:20:38 - [TEST_STEP][PASSED] - click(findTestObject("Login/button_Sign in")): Object: 'Object Repository/Login/button_Sign in' is clicked on

2020-06-16 07:20:40 - [MESSAGE][PASSED] - Object: 'Object Repository/Login/button_Sign in' is clicked on]]></system-out>
         <system-err><![CDATA[]]></system-err>
      </testcase>
      <testcase name="Test Cases/Test Case 4" time="9.513" classname="Test Cases/Test Case 4" status="PASSED">
         <system-out><![CDATA[2020-06-16 07:20:40 - [TEST_CASE][PASSED] - Test Cases/Test Case 4: Test Cases/Test Case 4

2020-06-16 07:20:40 - [TEST_STEP][PASSED] - click(findTestObject("Page_Home/strong_Accounts")): Object: 'Object Repository/Page_Home/strong_Accounts' is clicked on

2020-06-16 07:20:47 - [MESSAGE][PASSED] - Object: 'Object Repository/Page_Home/strong_Accounts' is clicked on

2020-06-16 07:20:47 - [TEST_STEP][PASSED] - click(findTestObject("Page_Accounts/strong_Add Account")): Object: 'Object Repository/Page_Accounts/strong_Add Account' is clicked on

2020-06-16 07:20:49 - [MESSAGE][PASSED] - Object: 'Object Repository/Page_Accounts/strong_Add Account' is clicked on

2020-06-16 07:20:49 - [TEST_STEP][PASSED] - click(findTestObject("Page_Accounts/button_Save")): Object: 'Object Repository/Page_Accounts/button_Save' is clicked on

2020-06-16 07:20:50 - [MESSAGE][PASSED] - Object: 'Object Repository/Page_Accounts/button_Save' is clicked on]]></system-out>
         <system-err><![CDATA[]]></system-err>
      </testcase>
      <testcase name="Test Cases/Test Case 3" time="3.534" classname="Test Cases/Test Case 3" status="ERROR">
         <error type="ERROR" message="Test Cases/Test Case 3 FAILED.
Reason:
groovy.lang.MissingPropertyException: No such property: Keys for class: Script1592266381058
	at Test Case 3.run(Test Case 3:28)
	at com.kms.katalon.core.main.ScriptEngine.run(ScriptEngine.java:194)
	at com.kms.katalon.core.main.ScriptEngine.runScriptAsRawText(ScriptEngine.java:119)
	at com.kms.katalon.core.main.TestCaseExecutor.runScript(TestCaseExecutor.java:337)
	at com.kms.katalon.core.main.TestCaseExecutor.doExecute(TestCaseExecutor.java:328)
	at com.kms.katalon.core.main.TestCaseExecutor.processExecutionPhase(TestCaseExecutor.java:307)
	at com.kms.katalon.core.main.TestCaseExecutor.accessMainPhase(TestCaseExecutor.java:299)
	at com.kms.katalon.core.main.TestCaseExecutor.execute(TestCaseExecutor.java:233)
	at com.kms.katalon.core.main.TestSuiteExecutor.accessTestCaseMainPhase(TestSuiteExecutor.java:169)
	at com.kms.katalon.core.main.TestSuiteExecutor.accessTestSuiteMainPhase(TestSuiteExecutor.java:142)
	at com.kms.katalon.core.main.TestSuiteExecutor.execute(TestSuiteExecutor.java:91)
	at com.kms.katalon.core.main.TestCaseMain.startTestSuite(TestCaseMain.java:157)
	at com.kms.katalon.core.main.TestCaseMain$startTestSuite$0.call(Unknown Source)
	at TempTestSuite1592266828626.run(TempTestSuite1592266828626.groovy:37)
"/>
         <system-out><![CDATA[2020-06-16 07:20:50 - [TEST_CASE][ERROR] - Test Cases/Test Case 3: Test Cases/Test Case 3 FAILED.
Reason:
groovy.lang.MissingPropertyException: No such property: Keys for class: Script1592266381058
	at Test Case 3.run(Test Case 3:28)
	at com.kms.katalon.core.main.ScriptEngine.run(ScriptEngine.java:194)
	at com.kms.katalon.core.main.ScriptEngine.runScriptAsRawText(ScriptEngine.java:119)
	at com.kms.katalon.core.main.TestCaseExecutor.runScript(TestCaseExecutor.java:337)
	at com.kms.katalon.core.main.TestCaseExecutor.doExecute(TestCaseExecutor.java:328)
	at com.kms.katalon.core.main.TestCaseExecutor.processExecutionPhase(TestCaseExecutor.java:307)
	at com.kms.katalon.core.main.TestCaseExecutor.accessMainPhase(TestCaseExecutor.java:299)
	at com.kms.katalon.core.main.TestCaseExecutor.execute(TestCaseExecutor.java:233)
	at com.kms.katalon.core.main.TestSuiteExecutor.accessTestCaseMainPhase(TestSuiteExecutor.java:169)
	at com.kms.katalon.core.main.TestSuiteExecutor.accessTestSuiteMainPhase(TestSuiteExecutor.java:142)
	at com.kms.katalon.core.main.TestSuiteExecutor.execute(TestSuiteExecutor.java:91)
	at com.kms.katalon.core.main.TestCaseMain.startTestSuite(TestCaseMain.java:157)
	at com.kms.katalon.core.main.TestCaseMain$startTestSuite$0.call(Unknown Source)
	at TempTestSuite1592266828626.run(TempTestSuite1592266828626.groovy:37)


2020-06-16 07:20:50 - [TEST_STEP][PASSED] - click(findTestObject("Page_Accounts/clear")): Object: 'Object Repository/Page_Accounts/clear' is clicked on

2020-06-16 07:20:50 - [MESSAGE][PASSED] - Object: 'Object Repository/Page_Accounts/clear' is clicked on

2020-06-16 07:20:50 - [TEST_STEP][PASSED] - delay(1): Delayed 1 second(s)

2020-06-16 07:20:51 - [MESSAGE][PASSED] - Delayed 1 second(s)

2020-06-16 07:20:51 - [TEST_STEP][PASSED] - setText(findTestObject("Page_Accounts/input__accountname"), findTestData("D3").getValue(1, 1)): Text 'ภูมิพัจน์' is set on object 'Object Repository/Page_Accounts/input__accountname'

2020-06-16 07:20:52 - [MESSAGE][PASSED] - Text 'ภูมิพัจน์' is set on object 'Object Repository/Page_Accounts/input__accountname'

2020-06-16 07:20:52 - [TEST_STEP][PASSED] - click(findTestObject("Page_Accounts/custome segment")): Object: 'Object Repository/Page_Accounts/custome segment' is clicked on

2020-06-16 07:20:52 - [MESSAGE][PASSED] - Object: 'Object Repository/Page_Accounts/custome segment' is clicked on

2020-06-16 07:20:52 - [TEST_STEP][PASSED] - setText(findTestObject("Page_Accounts/input customer segment"), findTestData("D3").getValue(2, 1)): Text 'SME' is set on object 'Object Repository/Page_Accounts/input customer segment'

2020-06-16 07:20:53 - [MESSAGE][PASSED] - Text 'SME' is set on object 'Object Repository/Page_Accounts/input customer segment'

2020-06-16 07:20:53 - [TEST_STEP][PASSED] - sendKeys(findTestObject("Page_Accounts/input customer segment"), Keys.chord(ENTER)): null]]></system-out>
         <system-err><![CDATA[2020-06-16 07:20:50 - [TEST_CASE][ERROR] - Test Cases/Test Case 3: Test Cases/Test Case 3 FAILED.
Reason:
groovy.lang.MissingPropertyException: No such property: Keys for class: Script1592266381058
	at Test Case 3.run(Test Case 3:28)
	at com.kms.katalon.core.main.ScriptEngine.run(ScriptEngine.java:194)
	at com.kms.katalon.core.main.ScriptEngine.runScriptAsRawText(ScriptEngine.java:119)
	at com.kms.katalon.core.main.TestCaseExecutor.runScript(TestCaseExecutor.java:337)
	at com.kms.katalon.core.main.TestCaseExecutor.doExecute(TestCaseExecutor.java:328)
	at com.kms.katalon.core.main.TestCaseExecutor.processExecutionPhase(TestCaseExecutor.java:307)
	at com.kms.katalon.core.main.TestCaseExecutor.accessMainPhase(TestCaseExecutor.java:299)
	at com.kms.katalon.core.main.TestCaseExecutor.execute(TestCaseExecutor.java:233)
	at com.kms.katalon.core.main.TestSuiteExecutor.accessTestCaseMainPhase(TestSuiteExecutor.java:169)
	at com.kms.katalon.core.main.TestSuiteExecutor.accessTestSuiteMainPhase(TestSuiteExecutor.java:142)
	at com.kms.katalon.core.main.TestSuiteExecutor.execute(TestSuiteExecutor.java:91)
	at com.kms.katalon.core.main.TestCaseMain.startTestSuite(TestCaseMain.java:157)
	at com.kms.katalon.core.main.TestCaseMain$startTestSuite$0.call(Unknown Source)
	at TempTestSuite1592266828626.run(TempTestSuite1592266828626.groovy:37)]]></system-err>
      </testcase>
      <testcase name="Test Cases/Test Case 2" time="24.376" classname="Test Cases/Test Case 2" status="PASSED">
         <system-out><![CDATA[2020-06-16 07:20:53 - [TEST_CASE][PASSED] - Test Cases/Test Case 2: Test Cases/Test Case 2

2020-06-16 07:20:53 - [TEST_STEP][PASSED] - click(findTestObject("Page_Home/strong_Accounts")): Object: 'Object Repository/Page_Home/strong_Accounts' is clicked on

2020-06-16 07:20:54 - [MESSAGE][PASSED] - Object: 'Object Repository/Page_Home/strong_Accounts' is clicked on

2020-06-16 07:20:54 - [TEST_STEP][PASSED] - click(findTestObject("Page_Accounts/strong_Add Account")): Object: 'Object Repository/Page_Accounts/strong_Add Account' is clicked on

2020-06-16 07:20:56 - [MESSAGE][PASSED] - Object: 'Object Repository/Page_Accounts/strong_Add Account' is clicked on

2020-06-16 07:20:56 - [TEST_STEP][PASSED] - setText(findTestObject("Page_Accounts/input__accountname"), findTestData("D2").getValue(1, 1)): Text 'ภูมิพัจน์' is set on object 'Object Repository/Page_Accounts/input__accountname'

2020-06-16 07:20:57 - [MESSAGE][PASSED] - Text 'ภูมิพัจน์' is set on object 'Object Repository/Page_Accounts/input__accountname'

2020-06-16 07:20:57 - [TEST_STEP][PASSED] - setText(findTestObject("Page_Accounts/input__accENG"), findTestData("D2").getValue(2, 1)): Text 'Pumipat' is set on object 'Object Repository/Page_Accounts/input__accENG'

2020-06-16 07:20:58 - [MESSAGE][PASSED] - Text 'Pumipat' is set on object 'Object Repository/Page_Accounts/input__accENG'

2020-06-16 07:20:58 - [TEST_STEP][PASSED] - click(findTestObject("Page_Accounts/acc status")): Object: 'Object Repository/Page_Accounts/acc status' is clicked on

2020-06-16 07:20:58 - [MESSAGE][PASSED] - Object: 'Object Repository/Page_Accounts/acc status' is clicked on

2020-06-16 07:20:58 - [TEST_STEP][PASSED] - setText(findTestObject("Page_Accounts/input acc status"), "Prospect"): Text 'Prospect' is set on object 'Object Repository/Page_Accounts/input acc status'

2020-06-16 07:20:59 - [MESSAGE][PASSED] - Text 'Prospect' is set on object 'Object Repository/Page_Accounts/input acc status'

2020-06-16 07:20:59 - [TEST_STEP][PASSED] - sendKeys(findTestObject("Page_Accounts/input acc status"), Keys.chord(ENTER)): Keys 'ENTER + ' sent to object: 'Object Repository/Page_Accounts/input acc status'

2020-06-16 07:20:59 - [MESSAGE][PASSED] - Keys 'ENTER + ' sent to object: 'Object Repository/Page_Accounts/input acc status'

2020-06-16 07:20:59 - [TEST_STEP][PASSED] - click(findTestObject("Page_Accounts/custome segment")): Object: 'Object Repository/Page_Accounts/custome segment' is clicked on

2020-06-16 07:21:00 - [MESSAGE][PASSED] - Object: 'Object Repository/Page_Accounts/custome segment' is clicked on

2020-06-16 07:21:00 - [TEST_STEP][PASSED] - setText(findTestObject("Page_Accounts/input customer segment"), findTestData("D2").getValue(3, 1)): Text 'SME' is set on object 'Object Repository/Page_Accounts/input customer segment'

2020-06-16 07:21:01 - [MESSAGE][PASSED] - Text 'SME' is set on object 'Object Repository/Page_Accounts/input customer segment'

2020-06-16 07:21:01 - [TEST_STEP][PASSED] - sendKeys(findTestObject("Page_Accounts/input customer segment"), Keys.chord(ENTER)): Keys 'ENTER + ' sent to object: 'Object Repository/Page_Accounts/input customer segment'

2020-06-16 07:21:01 - [MESSAGE][PASSED] - Keys 'ENTER + ' sent to object: 'Object Repository/Page_Accounts/input customer segment'

2020-06-16 07:21:01 - [TEST_STEP][PASSED] - click(findTestObject("Page_Accounts/company level")): Object: 'Object Repository/Page_Accounts/company level' is clicked on

2020-06-16 07:21:02 - [MESSAGE][PASSED] - Object: 'Object Repository/Page_Accounts/company level' is clicked on

2020-06-16 07:21:02 - [TEST_STEP][PASSED] - setText(findTestObject("Page_Accounts/input company level"), findTestData("D2").getValue(4, 1)): Text 'Head Office' is set on object 'Object Repository/Page_Accounts/input company level'

2020-06-16 07:21:03 - [MESSAGE][PASSED] - Text 'Head Office' is set on object 'Object Repository/Page_Accounts/input company level'

2020-06-16 07:21:03 - [TEST_STEP][PASSED] - sendKeys(findTestObject("Page_Accounts/input company level"), Keys.chord(ENTER)): Keys 'ENTER + ' sent to object: 'Object Repository/Page_Accounts/input company level'

2020-06-16 07:21:03 - [MESSAGE][PASSED] - Keys 'ENTER + ' sent to object: 'Object Repository/Page_Accounts/input company level'

2020-06-16 07:21:03 - [TEST_STEP][PASSED] - click(findTestObject("Page_Accounts/JP")): Object: 'Object Repository/Page_Accounts/JP' is clicked on

2020-06-16 07:21:04 - [MESSAGE][PASSED] - Object: 'Object Repository/Page_Accounts/JP' is clicked on

2020-06-16 07:21:04 - [TEST_STEP][PASSED] - setText(findTestObject("Page_Accounts/input JP"), findTestData("D2").getValue(5, 1)): Text 'Yes' is set on object 'Object Repository/Page_Accounts/input JP'

2020-06-16 07:21:05 - [MESSAGE][PASSED] - Text 'Yes' is set on object 'Object Repository/Page_Accounts/input JP'

2020-06-16 07:21:05 - [TEST_STEP][PASSED] - sendKeys(findTestObject("Page_Accounts/input JP"), Keys.chord(ENTER)): Keys 'ENTER + ' sent to object: 'Object Repository/Page_Accounts/input JP'

2020-06-16 07:21:05 - [MESSAGE][PASSED] - Keys 'ENTER + ' sent to object: 'Object Repository/Page_Accounts/input JP'

2020-06-16 07:21:05 - [TEST_STEP][PASSED] - setText(findTestObject("Page_Accounts/input__Branch"), findTestData("D2").getValue(7, 1)): Text '00001' is set on object 'Object Repository/Page_Accounts/input__Branch'

2020-06-16 07:21:06 - [MESSAGE][PASSED] - Text '00001' is set on object 'Object Repository/Page_Accounts/input__Branch'

2020-06-16 07:21:06 - [TEST_STEP][PASSED] - setText(findTestObject("Page_Accounts/input__Purchasing"), findTestData("D2").getValue(6, 1)): Text 'จัดซื้อแยกLocalized Purchasing' is set on object 'Object Repository/Page_Accounts/input__Purchasing'

2020-06-16 07:21:08 - [MESSAGE][PASSED] - Text 'จัดซื้อแยกLocalized Purchasing' is set on object 'Object Repository/Page_Accounts/input__Purchasing'

2020-06-16 07:21:08 - [TEST_STEP][PASSED] - click(findTestObject("Page_Accounts/company status")): Object: 'Object Repository/Page_Accounts/company status' is clicked on

2020-06-16 07:21:08 - [MESSAGE][PASSED] - Object: 'Object Repository/Page_Accounts/company status' is clicked on

2020-06-16 07:21:08 - [TEST_STEP][PASSED] - setText(findTestObject("Page_Accounts/input company status"), findTestData("D2").getValue(8, 1)): Text 'Active' is set on object 'Object Repository/Page_Accounts/input company status'

2020-06-16 07:21:09 - [MESSAGE][PASSED] - Text 'Active' is set on object 'Object Repository/Page_Accounts/input company status'

2020-06-16 07:21:09 - [TEST_STEP][PASSED] - sendKeys(findTestObject("Page_Accounts/input company status"), Keys.chord(ENTER)): Keys 'ENTER + ' sent to object: 'Object Repository/Page_Accounts/input company status'

2020-06-16 07:21:10 - [MESSAGE][PASSED] - Keys 'ENTER + ' sent to object: 'Object Repository/Page_Accounts/input company status'

2020-06-16 07:21:10 - [TEST_STEP][PASSED] - setText(findTestObject("Page_Accounts/input__phone"), findTestData("D2").getValue(9, 1)): Text '0945839838' is set on object 'Object Repository/Page_Accounts/input__phone'

2020-06-16 07:21:11 - [MESSAGE][PASSED] - Text '0945839838' is set on object 'Object Repository/Page_Accounts/input__phone'

2020-06-16 07:21:11 - [TEST_STEP][PASSED] - setText(findTestObject("Page_Accounts/address"), findTestData("D2").getValue(10, 1)): Text 'Chaing Mai University' is set on object 'Object Repository/Page_Accounts/address'

2020-06-16 07:21:11 - [MESSAGE][PASSED] - Text 'Chaing Mai University' is set on object 'Object Repository/Page_Accounts/address'

2020-06-16 07:21:11 - [TEST_STEP][PASSED] - click(findTestObject("Page_Accounts/searchZ")): Object: 'Object Repository/Page_Accounts/searchZ' is clicked on

2020-06-16 07:21:12 - [MESSAGE][PASSED] - Object: 'Object Repository/Page_Accounts/searchZ' is clicked on

2020-06-16 07:21:12 - [TEST_STEP][PASSED] - switchToWindowTitle("ZONE"): Switched to window with title: 'ZONE'

2020-06-16 07:21:14 - [MESSAGE][PASSED] - Switched to window with title: 'ZONE'

2020-06-16 07:21:14 - [TEST_STEP][PASSED] - click(findTestObject("Page_ZONE/a_270207")): Object: 'Object Repository/Page_ZONE/a_270207' is clicked on

2020-06-16 07:21:14 - [MESSAGE][PASSED] - Object: 'Object Repository/Page_ZONE/a_270207' is clicked on

2020-06-16 07:21:14 - [TEST_STEP][PASSED] - switchToDefaultContent(): null

2020-06-16 07:21:16 - [TEST_STEP][PASSED] - setText(findTestObject("Page_Accounts/Tax no"), findTestData("D2").getValue(12, 1)): Text '0121231234' is set on object 'Object Repository/Page_Accounts/Tax no'

2020-06-16 07:21:17 - [MESSAGE][PASSED] - Text '0121231234' is set on object 'Object Repository/Page_Accounts/Tax no'

2020-06-16 07:21:17 - [TEST_STEP][PASSED] - click(findTestObject("Page_Accounts/button_Save")): Object: 'Object Repository/Page_Accounts/button_Save' is clicked on

2020-06-16 07:21:18 - [MESSAGE][PASSED] - Object: 'Object Repository/Page_Accounts/button_Save' is clicked on]]></system-out>
         <system-err><![CDATA[]]></system-err>
      </testcase>
      <system-out><![CDATA[2020-06-16 07:20:30 - [TEST_SUITE][ERROR] - Usecase3: Test Cases/Test Case 3 FAILED.
Reason:
groovy.lang.MissingPropertyException: No such property: Keys for class: Script1592266381058
	at Test Case 3.run(Test Case 3:28)
	at com.kms.katalon.core.main.ScriptEngine.run(ScriptEngine.java:194)
	at com.kms.katalon.core.main.ScriptEngine.runScriptAsRawText(ScriptEngine.java:119)
	at com.kms.katalon.core.main.TestCaseExecutor.runScript(TestCaseExecutor.java:337)
	at com.kms.katalon.core.main.TestCaseExecutor.doExecute(TestCaseExecutor.java:328)
	at com.kms.katalon.core.main.TestCaseExecutor.processExecutionPhase(TestCaseExecutor.java:307)
	at com.kms.katalon.core.main.TestCaseExecutor.accessMainPhase(TestCaseExecutor.java:299)
	at com.kms.katalon.core.main.TestCaseExecutor.execute(TestCaseExecutor.java:233)
	at com.kms.katalon.core.main.TestSuiteExecutor.accessTestCaseMainPhase(TestSuiteExecutor.java:169)
	at com.kms.katalon.core.main.TestSuiteExecutor.accessTestSuiteMainPhase(TestSuiteExecutor.java:142)
	at com.kms.katalon.core.main.TestSuiteExecutor.execute(TestSuiteExecutor.java:91)
	at com.kms.katalon.core.main.TestCaseMain.startTestSuite(TestCaseMain.java:157)
	at com.kms.katalon.core.main.TestCaseMain$startTestSuite$0.call(Unknown Source)
	at TempTestSuite1592266828626.run(TempTestSuite1592266828626.groovy:37)]]></system-out>
      <system-err><![CDATA[2020-06-16 07:20:30 - [TEST_SUITE][ERROR] - Usecase3: Test Cases/Test Case 3 FAILED.
Reason:
groovy.lang.MissingPropertyException: No such property: Keys for class: Script1592266381058
	at Test Case 3.run(Test Case 3:28)
	at com.kms.katalon.core.main.ScriptEngine.run(ScriptEngine.java:194)
	at com.kms.katalon.core.main.ScriptEngine.runScriptAsRawText(ScriptEngine.java:119)
	at com.kms.katalon.core.main.TestCaseExecutor.runScript(TestCaseExecutor.java:337)
	at com.kms.katalon.core.main.TestCaseExecutor.doExecute(TestCaseExecutor.java:328)
	at com.kms.katalon.core.main.TestCaseExecutor.processExecutionPhase(TestCaseExecutor.java:307)
	at com.kms.katalon.core.main.TestCaseExecutor.accessMainPhase(TestCaseExecutor.java:299)
	at com.kms.katalon.core.main.TestCaseExecutor.execute(TestCaseExecutor.java:233)
	at com.kms.katalon.core.main.TestSuiteExecutor.accessTestCaseMainPhase(TestSuiteExecutor.java:169)
	at com.kms.katalon.core.main.TestSuiteExecutor.accessTestSuiteMainPhase(TestSuiteExecutor.java:142)
	at com.kms.katalon.core.main.TestSuiteExecutor.execute(TestSuiteExecutor.java:91)
	at com.kms.katalon.core.main.TestCaseMain.startTestSuite(TestCaseMain.java:157)
	at com.kms.katalon.core.main.TestCaseMain$startTestSuite$0.call(Unknown Source)
	at TempTestSuite1592266828626.run(TempTestSuite1592266828626.groovy:37)]]></system-err>
   </testsuite>
</testsuites>
